<?xml version="1.0" encoding="UTF-8"?>
<!-- Generated by org.testng.reporters.JUnitReportReporter -->
<testsuite skipped="0" hostname="DEV_TEST_JOYDIP" name="LotteryManagement.NRDA.CEO_DashboardPage" tests="3" failures="0" timestamp="23 Oct 2018 10:53:20 GMT" time="63.588" errors="0">
  <testcase name="NRDA_LotteryManagement_SC008_TC002" time="20.064" classname="LotteryManagement.NRDA.CEO_DashboardPage"/>
  <testcase name="NRDA_LotteryManagement_SC008_TC003" time="24.088" classname="LotteryManagement.NRDA.CEO_DashboardPage"/>
  <testcase name="NRDA_LotteryManagement_SC008_TC001" time="19.436" classname="LotteryManagement.NRDA.CEO_DashboardPage"/>
</testsuite> <!-- LotteryManagement.NRDA.CEO_DashboardPage -->
