<?xml version="1.0" encoding="UTF-8"?>
<!-- Generated by org.testng.reporters.JUnitReportReporter -->
<testsuite skipped="1" hostname="DEV_TEST_JOYDIP" name="LotteryManagement.NRDA.SE_A_DashboardPage" tests="2" failures="0" timestamp="24 Oct 2018 07:09:39 GMT" time="24.081" errors="0">
  <testcase name="NRDA_LotteryManagement_SC012_TC005" time="24.081" classname="LotteryManagement.NRDA.SE_A_DashboardPage"/>
  <testcase name="NRDA_LotteryManagement_SC012_TC004" classname="LotteryManagement.NRDA.SE_A_DashboardPage">
    <skipped/>
  </testcase> <!-- NRDA_LotteryManagement_SC012_TC004 -->
</testsuite> <!-- LotteryManagement.NRDA.SE_A_DashboardPage -->
