<?xml version="1.0" encoding="UTF-8"?>
<!-- Generated by org.testng.reporters.JUnitReportReporter -->
<testsuite skipped="0" hostname="DEV_TEST_JOYDIP" name="LotteryManagement.NRDA.App" tests="1" failures="0" timestamp="17 Oct 2018 06:51:36 GMT" time="19.724" errors="0">
  <testcase name="testNRDA" time="19.724" classname="LotteryManagement.NRDA.App"/>
</testsuite> <!-- LotteryManagement.NRDA.App -->
