<?xml version="1.0" encoding="UTF-8"?>
<!-- Generated by org.testng.reporters.JUnitReportReporter -->
<testsuite skipped="0" hostname="DEV_TEST_JOYDIP" name="LotteryManagement.NRDA.DashboardPage" tests="2" failures="0" timestamp="17 Oct 2018 09:34:33 GMT" time="43.288" errors="0">
  <testcase name="NRDA_ProjectManagement_SC001_TC004" time="19.418" classname="LotteryManagement.NRDA.DashboardPage"/>
  <testcase name="NRDA_ProjectManagement_SC001_TC005" time="23.870" classname="LotteryManagement.NRDA.DashboardPage"/>
</testsuite> <!-- LotteryManagement.NRDA.DashboardPage -->
