<?xml version="1.0" encoding="UTF-8"?>
<!-- Generated by org.testng.reporters.JUnitReportReporter -->
<testsuite skipped="0" hostname="DEV_TEST_JOYDIP" name="Config.Configuration" tests="1" failures="0" timestamp="17 Oct 2018 04:51:23 GMT" time="0.016" errors="0">
  <testcase name="Config_read" time="0.016" classname="Config.Configuration"/>
</testsuite> <!-- Config.Configuration -->
