<?xml version="1.0" encoding="UTF-8"?>
<!-- Generated by org.testng.reporters.JUnitReportReporter -->
<testsuite skipped="35" hostname="DEV_TEST_JOYDIP" name="LotteryManagement.NRDA.SE_LmtDrawPage" tests="36" failures="0" timestamp="06 Dec 2018 04:23:55 GMT" time="36.292" errors="1">
  <testcase name="NRDA_LotteryManagement_SC005_TC014" time="36.292" classname="LotteryManagement.NRDA.SE_LmtDrawPage">
    <error type="org.openqa.selenium.WebDriverException" message="unknown error: Element &lt;button id=&quot;inboxForm:memdataTableId:j_id1479199496_7ae56df5&quot; name=&quot;inboxForm:memdataTableId:j_id1479199496_7ae56df5&quot; class=&quot;ui-button ui-widget ui-state-default ui-corner-all ui-button-icon-only&quot; onclick=&quot;PrimeFaces.ab({source:&#039;inboxForm:memdataTableId:j_id1479199496_7ae56df5&#039;,update:&#039;inboxForm:intrnl&#039;});return false;&quot; title=&quot;Add Row&quot; type=&quot;submit&quot; role=&quot;button&quot; aria-disabled=&quot;false&quot;&gt;...&lt;/button&gt; is not clickable at point (788, 431). Other element would receive the click: &lt;div id=&quot;j_id1004797630_11839894_modal&quot; class=&quot;ui-widget-overlay&quot; style=&quot;width: 1364px; height: 1009px; z-index: 1005;&quot;&gt;&lt;/div&gt;
  (Session info: chrome=70.0.3538.110)
  (Driver info: chromedriver=2.42.591088 (7b2b2dca23cca0862f674758c9a3933e685c27d5),platform=Windows NT 10.0.10240 x86_64) (WARNING: The server did not provide any stacktrace information)
Command duration or timeout: 0 milliseconds
Build info: version: &#039;3.14.0&#039;, revision: &#039;aacccce0&#039;, time: &#039;2018-08-02T20:19:58.91Z&#039;
System info: host: &#039;DEV_TEST_JOYDIP&#039;, ip: &#039;192.168.141.177&#039;, os.name: &#039;Windows 10&#039;, os.arch: &#039;amd64&#039;, os.version: &#039;10.0&#039;, java.version: &#039;1.8.0_181&#039;
Driver info: org.openqa.selenium.chrome.ChromeDriver
Capabilities {acceptInsecureCerts: false, acceptSslCerts: false, applicationCacheEnabled: false, browserConnectionEnabled: false, browserName: chrome, chrome: {chromedriverVersion: 2.42.591088 (7b2b2dca23cca0..., userDataDir: C:\Users\JOYDIP~1.BHA\AppDa...}, cssSelectorsEnabled: true, databaseEnabled: false, goog:chromeOptions: {debuggerAddress: localhost:65230}, handlesAlerts: true, hasTouchScreen: false, javascriptEnabled: true, locationContextEnabled: true, mobileEmulationEnabled: false, nativeEvents: true, networkConnectionEnabled: false, pageLoadStrategy: normal, platform: XP, platformName: XP, rotatable: false, setWindowRect: true, takesHeapSnapshot: true, takesScreenshot: true, unexpectedAlertBehaviour: , unhandledPromptBehavior: , version: 70.0.3538.110, webStorageEnabled: true}
Session ID: 8b28376d4b40c7aadb2f6ea2b5daa591">
      <![CDATA[org.openqa.selenium.WebDriverException: unknown error: Element <button id="inboxForm:memdataTableId:j_id1479199496_7ae56df5" name="inboxForm:memdataTableId:j_id1479199496_7ae56df5" class="ui-button ui-widget ui-state-default ui-corner-all ui-button-icon-only" onclick="PrimeFaces.ab({source:'inboxForm:memdataTableId:j_id1479199496_7ae56df5',update:'inboxForm:intrnl'});return false;" title="Add Row" type="submit" role="button" aria-disabled="false">...</button> is not clickable at point (788, 431). Other element would receive the click: <div id="j_id1004797630_11839894_modal" class="ui-widget-overlay" style="width: 1364px; height: 1009px; z-index: 1005;"></div>
  (Session info: chrome=70.0.3538.110)
  (Driver info: chromedriver=2.42.591088 (7b2b2dca23cca0862f674758c9a3933e685c27d5),platform=Windows NT 10.0.10240 x86_64) (WARNING: The server did not provide any stacktrace information)
Command duration or timeout: 0 milliseconds
Build info: version: '3.14.0', revision: 'aacccce0', time: '2018-08-02T20:19:58.91Z'
System info: host: 'DEV_TEST_JOYDIP', ip: '192.168.141.177', os.name: 'Windows 10', os.arch: 'amd64', os.version: '10.0', java.version: '1.8.0_181'
Driver info: org.openqa.selenium.chrome.ChromeDriver
Capabilities {acceptInsecureCerts: false, acceptSslCerts: false, applicationCacheEnabled: false, browserConnectionEnabled: false, browserName: chrome, chrome: {chromedriverVersion: 2.42.591088 (7b2b2dca23cca0..., userDataDir: C:\Users\JOYDIP~1.BHA\AppDa...}, cssSelectorsEnabled: true, databaseEnabled: false, goog:chromeOptions: {debuggerAddress: localhost:65230}, handlesAlerts: true, hasTouchScreen: false, javascriptEnabled: true, locationContextEnabled: true, mobileEmulationEnabled: false, nativeEvents: true, networkConnectionEnabled: false, pageLoadStrategy: normal, platform: XP, platformName: XP, rotatable: false, setWindowRect: true, takesHeapSnapshot: true, takesScreenshot: true, unexpectedAlertBehaviour: , unhandledPromptBehavior: , version: 70.0.3538.110, webStorageEnabled: true}
Session ID: 8b28376d4b40c7aadb2f6ea2b5daa591
at sun.reflect.NativeConstructorAccessorImpl.newInstance0(Native Method)
at sun.reflect.NativeConstructorAccessorImpl.newInstance(Unknown Source)
at sun.reflect.DelegatingConstructorAccessorImpl.newInstance(Unknown Source)
at java.lang.reflect.Constructor.newInstance(Unknown Source)
at org.openqa.selenium.remote.ErrorHandler.createThrowable(ErrorHandler.java:214)
at org.openqa.selenium.remote.ErrorHandler.throwIfResponseFailed(ErrorHandler.java:166)
at org.openqa.selenium.remote.http.JsonHttpResponseCodec.reconstructValue(JsonHttpResponseCodec.java:40)
at org.openqa.selenium.remote.http.AbstractHttpResponseCodec.decode(AbstractHttpResponseCodec.java:80)
at org.openqa.selenium.remote.http.AbstractHttpResponseCodec.decode(AbstractHttpResponseCodec.java:44)
at org.openqa.selenium.remote.HttpCommandExecutor.execute(HttpCommandExecutor.java:158)
at org.openqa.selenium.remote.service.DriverCommandExecutor.execute(DriverCommandExecutor.java:83)
at org.openqa.selenium.remote.RemoteWebDriver.execute(RemoteWebDriver.java:548)
at org.openqa.selenium.remote.RemoteWebElement.execute(RemoteWebElement.java:276)
at org.openqa.selenium.remote.RemoteWebElement.click(RemoteWebElement.java:83)
at sun.reflect.NativeMethodAccessorImpl.invoke0(Native Method)
at sun.reflect.NativeMethodAccessorImpl.invoke(Unknown Source)
at sun.reflect.DelegatingMethodAccessorImpl.invoke(Unknown Source)
at java.lang.reflect.Method.invoke(Unknown Source)
at org.openqa.selenium.support.pagefactory.internal.LocatingElementHandler.invoke(LocatingElementHandler.java:51)
at com.sun.proxy.$Proxy13.click(Unknown Source)
at Screen.SE_lmtDraw.click_AddInternalmembers(SE_lmtDraw.java:380)
at LotteryManagement.NRDA.SE_LmtDrawPage.NRDA_LotteryManagement_SC005_TC014(SE_LmtDrawPage.java:304)
at sun.reflect.NativeMethodAccessorImpl.invoke0(Native Method)
at sun.reflect.NativeMethodAccessorImpl.invoke(Unknown Source)
at sun.reflect.DelegatingMethodAccessorImpl.invoke(Unknown Source)
at java.lang.reflect.Method.invoke(Unknown Source)
at org.testng.internal.MethodInvocationHelper.invokeMethod(MethodInvocationHelper.java:124)
at org.testng.internal.Invoker.invokeMethod(Invoker.java:583)
at org.testng.internal.Invoker.invokeTestMethod(Invoker.java:719)
at org.testng.internal.Invoker.invokeTestMethods(Invoker.java:989)
at org.testng.internal.TestMethodWorker.invokeTestMethods(TestMethodWorker.java:125)
at org.testng.internal.TestMethodWorker.run(TestMethodWorker.java:109)
at org.testng.TestRunner.privateRun(TestRunner.java:648)
at org.testng.TestRunner.run(TestRunner.java:505)
at org.testng.SuiteRunner.runTest(SuiteRunner.java:455)
at org.testng.SuiteRunner.runSequentially(SuiteRunner.java:450)
at org.testng.SuiteRunner.privateRun(SuiteRunner.java:415)
at org.testng.SuiteRunner.run(SuiteRunner.java:364)
at org.testng.SuiteRunnerWorker.runSuite(SuiteRunnerWorker.java:52)
at org.testng.SuiteRunnerWorker.run(SuiteRunnerWorker.java:84)
at org.testng.TestNG.runSuitesSequentially(TestNG.java:1208)
at org.testng.TestNG.runSuitesLocally(TestNG.java:1137)
at org.testng.TestNG.runSuites(TestNG.java:1049)
at org.testng.TestNG.run(TestNG.java:1017)
at org.testng.remote.AbstractRemoteTestNG.run(AbstractRemoteTestNG.java:114)
at org.testng.remote.RemoteTestNG.initAndRun(RemoteTestNG.java:251)
at org.testng.remote.RemoteTestNG.main(RemoteTestNG.java:77)
]]>
    </error>
  </testcase> <!-- NRDA_LotteryManagement_SC005_TC014 -->
  <testcase name="NRDA_LotteryManagement_SC004_TC010" classname="LotteryManagement.NRDA.SE_LmtDrawPage">
    <skipped/>
  </testcase> <!-- NRDA_LotteryManagement_SC004_TC010 -->
  <testcase name="NRDA_LotteryManagement_SC005_TC004" classname="LotteryManagement.NRDA.SE_LmtDrawPage">
    <skipped/>
  </testcase> <!-- NRDA_LotteryManagement_SC005_TC004 -->
  <testcase name="NRDA_LotteryManagement_SC005_TC003" classname="LotteryManagement.NRDA.SE_LmtDrawPage">
    <skipped/>
  </testcase> <!-- NRDA_LotteryManagement_SC005_TC003 -->
  <testcase name="NRDA_LotteryManagement_SC005_TC002" classname="LotteryManagement.NRDA.SE_LmtDrawPage">
    <skipped/>
  </testcase> <!-- NRDA_LotteryManagement_SC005_TC002 -->
  <testcase name="NRDA_LotteryManagement_SC004_TC012" classname="LotteryManagement.NRDA.SE_LmtDrawPage">
    <skipped/>
  </testcase> <!-- NRDA_LotteryManagement_SC004_TC012 -->
  <testcase name="NRDA_LotteryManagement_SC004_TC011" classname="LotteryManagement.NRDA.SE_LmtDrawPage">
    <skipped/>
  </testcase> <!-- NRDA_LotteryManagement_SC004_TC011 -->
  <testcase name="NRDA_LotteryManagement_SC005_TC009" classname="LotteryManagement.NRDA.SE_LmtDrawPage">
    <skipped/>
  </testcase> <!-- NRDA_LotteryManagement_SC005_TC009 -->
  <testcase name="NRDA_LotteryManagement_SC005_TC008" classname="LotteryManagement.NRDA.SE_LmtDrawPage">
    <skipped/>
  </testcase> <!-- NRDA_LotteryManagement_SC005_TC008 -->
  <testcase name="NRDA_LotteryManagement_SC005_TC007" classname="LotteryManagement.NRDA.SE_LmtDrawPage">
    <skipped/>
  </testcase> <!-- NRDA_LotteryManagement_SC005_TC007 -->
  <testcase name="NRDA_LotteryManagement_SC005_TC006" classname="LotteryManagement.NRDA.SE_LmtDrawPage">
    <skipped/>
  </testcase> <!-- NRDA_LotteryManagement_SC005_TC006 -->
  <testcase name="NRDA_LotteryManagement_SC005_TC001" classname="LotteryManagement.NRDA.SE_LmtDrawPage">
    <skipped/>
  </testcase> <!-- NRDA_LotteryManagement_SC005_TC001 -->
  <testcase name="NRDA_LotteryManagement_SC004_TC006" classname="LotteryManagement.NRDA.SE_LmtDrawPage">
    <skipped/>
  </testcase> <!-- NRDA_LotteryManagement_SC004_TC006 -->
  <testcase name="NRDA_LotteryManagement_SC003_TC009" classname="LotteryManagement.NRDA.SE_LmtDrawPage">
    <skipped/>
  </testcase> <!-- NRDA_LotteryManagement_SC003_TC009 -->
  <testcase name="NRDA_LotteryManagement_SC003_TC008" classname="LotteryManagement.NRDA.SE_LmtDrawPage">
    <skipped/>
  </testcase> <!-- NRDA_LotteryManagement_SC003_TC008 -->
  <testcase name="NRDA_LotteryManagement_SC003_TC006" classname="LotteryManagement.NRDA.SE_LmtDrawPage">
    <skipped/>
  </testcase> <!-- NRDA_LotteryManagement_SC003_TC006 -->
  <testcase name="NRDA_LotteryManagement_SC003_TC005" classname="LotteryManagement.NRDA.SE_LmtDrawPage">
    <skipped/>
  </testcase> <!-- NRDA_LotteryManagement_SC003_TC005 -->
  <testcase name="NRDA_LotteryManagement_SC003_TC004" classname="LotteryManagement.NRDA.SE_LmtDrawPage">
    <skipped/>
  </testcase> <!-- NRDA_LotteryManagement_SC003_TC004 -->
  <testcase name="NRDA_LotteryManagement_SC006_TC001" classname="LotteryManagement.NRDA.SE_LmtDrawPage">
    <skipped/>
  </testcase> <!-- NRDA_LotteryManagement_SC006_TC001 -->
  <testcase name="NRDA_LotteryManagement_SC003_TC002" classname="LotteryManagement.NRDA.SE_LmtDrawPage">
    <skipped/>
  </testcase> <!-- NRDA_LotteryManagement_SC003_TC002 -->
  <testcase name="NRDA_LotteryManagement_SC003_TC001" classname="LotteryManagement.NRDA.SE_LmtDrawPage">
    <skipped/>
  </testcase> <!-- NRDA_LotteryManagement_SC003_TC001 -->
  <testcase name="NRDA_LotteryManagement_SC003_TC003" classname="LotteryManagement.NRDA.SE_LmtDrawPage">
    <skipped/>
  </testcase> <!-- NRDA_LotteryManagement_SC003_TC003 -->
  <testcase name="NRDA_LotteryManagement_SC004_TC001" classname="LotteryManagement.NRDA.SE_LmtDrawPage">
    <skipped/>
  </testcase> <!-- NRDA_LotteryManagement_SC004_TC001 -->
  <testcase name="NRDA_LotteryManagement_SC005_TC013" classname="LotteryManagement.NRDA.SE_LmtDrawPage">
    <skipped/>
  </testcase> <!-- NRDA_LotteryManagement_SC005_TC013 -->
  <testcase name="NRDA_LotteryManagement_SC004_TC002" classname="LotteryManagement.NRDA.SE_LmtDrawPage">
    <skipped/>
  </testcase> <!-- NRDA_LotteryManagement_SC004_TC002 -->
  <testcase name="NRDA_LotteryManagement_SC004_TC007" classname="LotteryManagement.NRDA.SE_LmtDrawPage">
    <skipped/>
  </testcase> <!-- NRDA_LotteryManagement_SC004_TC007 -->
  <testcase name="NRDA_LotteryManagement_SC004_TC009" classname="LotteryManagement.NRDA.SE_LmtDrawPage">
    <skipped/>
  </testcase> <!-- NRDA_LotteryManagement_SC004_TC009 -->
  <testcase name="NRDA_LotteryManagement_SC004_TC008" classname="LotteryManagement.NRDA.SE_LmtDrawPage">
    <skipped/>
  </testcase> <!-- NRDA_LotteryManagement_SC004_TC008 -->
  <testcase name="NRDA_LotteryManagement_SC005_TC012" classname="LotteryManagement.NRDA.SE_LmtDrawPage">
    <skipped/>
  </testcase> <!-- NRDA_LotteryManagement_SC005_TC012 -->
  <testcase name="NRDA_LotteryManagement_SC003_TC007" classname="LotteryManagement.NRDA.SE_LmtDrawPage">
    <skipped/>
  </testcase> <!-- NRDA_LotteryManagement_SC003_TC007 -->
  <testcase name="NRDA_LotteryManagement_SC004_TC003" classname="LotteryManagement.NRDA.SE_LmtDrawPage">
    <skipped/>
  </testcase> <!-- NRDA_LotteryManagement_SC004_TC003 -->
  <testcase name="NRDA_LotteryManagement_SC005_TC011" classname="LotteryManagement.NRDA.SE_LmtDrawPage">
    <skipped/>
  </testcase> <!-- NRDA_LotteryManagement_SC005_TC011 -->
  <testcase name="NRDA_LotteryManagement_SC005_TC010" classname="LotteryManagement.NRDA.SE_LmtDrawPage">
    <skipped/>
  </testcase> <!-- NRDA_LotteryManagement_SC005_TC010 -->
  <testcase name="NRDA_LotteryManagement_SC004_TC005" classname="LotteryManagement.NRDA.SE_LmtDrawPage">
    <skipped/>
  </testcase> <!-- NRDA_LotteryManagement_SC004_TC005 -->
  <testcase name="NRDA_LotteryManagement_SC004_TC004" classname="LotteryManagement.NRDA.SE_LmtDrawPage">
    <skipped/>
  </testcase> <!-- NRDA_LotteryManagement_SC004_TC004 -->
  <testcase name="NRDA_LotteryManagement_SC005_TC005" classname="LotteryManagement.NRDA.SE_LmtDrawPage">
    <skipped/>
  </testcase> <!-- NRDA_LotteryManagement_SC005_TC005 -->
</testsuite> <!-- LotteryManagement.NRDA.SE_LmtDrawPage -->
