<?xml version="1.0" encoding="UTF-8"?>
<!-- Generated by org.testng.reporters.JUnitReportReporter -->
<testsuite skipped="1" hostname="DEV_TEST_JOYDIP" name="LotteryManagement.NRDA.DeptServicesPage" tests="2" failures="0" timestamp="18 Oct 2018 07:29:25 GMT" time="26.151" errors="0">
  <testcase name="NRDA_LotteryManagement_SC002_TC002" time="26.151" classname="LotteryManagement.NRDA.DeptServicesPage"/>
  <testcase name="NRDA_ProjectManagement_SC002_TC001" classname="LotteryManagement.NRDA.DeptServicesPage">
    <skipped/>
  </testcase> <!-- NRDA_ProjectManagement_SC002_TC001 -->
</testsuite> <!-- LotteryManagement.NRDA.DeptServicesPage -->
