<?xml version="1.0" encoding="UTF-8"?>
<!-- Generated by org.testng.reporters.JUnitReportReporter -->
<testsuite skipped="10" hostname="DEV_TEST_JOYDIP" name="LotteryManagement.NRDA.CEO_LmtDrawPage" tests="11" failures="0" timestamp="24 Oct 2018 05:16:49 GMT" time="41.162" errors="0">
  <testcase name="NRDA_LotteryManagement_SC010_TC001" time="41.162" classname="LotteryManagement.NRDA.CEO_LmtDrawPage"/>
  <testcase name="NRDA_LotteryManagement_SC009_TC004" classname="LotteryManagement.NRDA.CEO_LmtDrawPage">
    <skipped/>
  </testcase> <!-- NRDA_LotteryManagement_SC009_TC004 -->
  <testcase name="NRDA_LotteryManagement_SC009_TC007" classname="LotteryManagement.NRDA.CEO_LmtDrawPage">
    <skipped/>
  </testcase> <!-- NRDA_LotteryManagement_SC009_TC007 -->
  <testcase name="NRDA_LotteryManagement_SC009_TC006" classname="LotteryManagement.NRDA.CEO_LmtDrawPage">
    <skipped/>
  </testcase> <!-- NRDA_LotteryManagement_SC009_TC006 -->
  <testcase name="NRDA_LandManagement_SC011_TC001" classname="LotteryManagement.NRDA.CEO_LmtDrawPage">
    <skipped/>
  </testcase> <!-- NRDA_LandManagement_SC011_TC001 -->
  <testcase name="NRDA_LotteryManagement_SC009_TC009" classname="LotteryManagement.NRDA.CEO_LmtDrawPage">
    <skipped/>
  </testcase> <!-- NRDA_LotteryManagement_SC009_TC009 -->
  <testcase name="NRDA_LotteryManagement_SC009_TC008" classname="LotteryManagement.NRDA.CEO_LmtDrawPage">
    <skipped/>
  </testcase> <!-- NRDA_LotteryManagement_SC009_TC008 -->
  <testcase name="NRDA_LotteryManagement_SC009_TC001" classname="LotteryManagement.NRDA.CEO_LmtDrawPage">
    <skipped/>
  </testcase> <!-- NRDA_LotteryManagement_SC009_TC001 -->
  <testcase name="NRDA_LotteryManagement_SC009_TC003" classname="LotteryManagement.NRDA.CEO_LmtDrawPage">
    <skipped/>
  </testcase> <!-- NRDA_LotteryManagement_SC009_TC003 -->
  <testcase name="NRDA_LotteryManagement_SC009_TC002" classname="LotteryManagement.NRDA.CEO_LmtDrawPage">
    <skipped/>
  </testcase> <!-- NRDA_LotteryManagement_SC009_TC002 -->
  <testcase name="NRDA_LotteryManagement_SC009_TC005" classname="LotteryManagement.NRDA.CEO_LmtDrawPage">
    <skipped/>
  </testcase> <!-- NRDA_LotteryManagement_SC009_TC005 -->
</testsuite> <!-- LotteryManagement.NRDA.CEO_LmtDrawPage -->
